[    0.000000] Linux version 4.15.0-65-generic (buildd@lgw01-amd64-006) (gcc version 7.4.0 (Ubuntu 7.4.0-1ubuntu1~18.04.1)) #74-Ubuntu SMP Tue Sep 17 17:06:04 UTC 2019 (Ubuntu 4.15.0-65.74-generic 4.15.18)
[    0.000000] Command line: BOOT_IMAGE=/boot/vmlinuz-4.15.0-65-generic root=LABEL=cloudimg-rootfs ro console=tty1 console=ttyS0
[    0.000000] KERNEL supported cpus:
[    0.000000]   Intel GenuineIntel
[    0.000000]   AMD AuthenticAMD
[    0.000000]   Centaur CentaurHauls
[    0.000000] x86/fpu: Supporting XSAVE feature 0x001: 'x87 floating point registers'
[    0.000000] x86/fpu: Supporting XSAVE feature 0x002: 'SSE registers'
[    0.000000] x86/fpu: Supporting XSAVE feature 0x004: 'AVX registers'
[    0.000000] x86/fpu: xstate_offset[2]:  576, xstate_sizes[2]:  256
[    0.000000] x86/fpu: Enabled xstate features 0x7, context size is 832 bytes, using 'standard' format.
[    0.000000] e820: BIOS-provided physical RAM map:
[    0.000000] BIOS-e820: [mem 0x0000000000000000-0x000000000009fbff] usable
[    0.000000] BIOS-e820: [mem 0x000000000009fc00-0x000000000009ffff] reserved
[    0.000000] BIOS-e820: [mem 0x00000000000f0000-0x00000000000fffff] reserved
[    0.000000] BIOS-e820: [mem 0x0000000000100000-0x000000001ffeffff] usable
[    0.000000] BIOS-e820: [mem 0x000000001fff0000-0x000000001fffffff] ACPI data
[    0.000000] BIOS-e820: [mem 0x00000000fec00000-0x00000000fec00fff] reserved
[    0.000000] BIOS-e820: [mem 0x00000000fee00000-0x00000000fee00fff] reserved
[    0.000000] BIOS-e820: [mem 0x00000000fffc0000-0x00000000ffffffff] reserved
[    0.000000] NX (Execute Disable) protection: active
[    0.000000] SMBIOS 2.5 present.
[    0.000000] DMI: innotek GmbH VirtualBox/VirtualBox, BIOS VirtualBox 12/01/2006
[    0.000000] Hypervisor detected: KVM
[    0.000000] e820: last_pfn = 0x1fff0 max_arch_pfn = 0x400000000
[    0.000000] MTRR: Disabled
[    0.000000] x86/PAT: MTRRs disabled, skipping PAT initialization too.
[    0.000000] CPU MTRRs all blank - virtualized system.
[    0.000000] x86/PAT: Configuration [0-7]: WB  WT  UC- UC  WB  WT  UC- UC  
[    0.000000] found SMP MP-table at [mem 0x0009fff0-0x0009ffff]
[    0.000000] Scanning 1 areas for low memory corruption
[    0.000000] RAMDISK: [mem 0x1db7d000-0x1ee2efff]
[    0.000000] ACPI: Early table checksum verification disabled
[    0.000000] ACPI: RSDP 0x00000000000E0000 000024 (v02 VBOX  )
[    0.000000] ACPI: XSDT 0x000000001FFF0030 00003C (v01 VBOX   VBOXXSDT 00000001 ASL  00000061)
[    0.000000] ACPI: FACP 0x000000001FFF00F0 0000F4 (v04 VBOX   VBOXFACP 00000001 ASL  00000061)
[    0.000000] ACPI: DSDT 0x000000001FFF0470 0022EA (v02 VBOX   VBOXBIOS 00000002 INTL 20100528)
[    0.000000] ACPI: FACS 0x000000001FFF0200 000040
[    0.000000] ACPI: FACS 0x000000001FFF0200 000040
[    0.000000] ACPI: APIC 0x000000001FFF0240 000054 (v02 VBOX   VBOXAPIC 00000001 ASL  00000061)
[    0.000000] ACPI: SSDT 0x000000001FFF02A0 0001CC (v01 VBOX   VBOXCPUT 00000002 INTL 20100528)
[    0.000000] No NUMA configuration found
[    0.000000] Faking a node at [mem 0x0000000000000000-0x000000001ffeffff]
[    0.000000] NODE_DATA(0) allocated [mem 0x1ffc5000-0x1ffeffff]
[    0.000000] kvm-clock: cpu 0, msr 0:1ff44001, primary cpu clock
[    0.000000] kvm-clock: Using msrs 4b564d01 and 4b564d00
[    0.000000] kvm-clock: using sched offset of 4782691634 cycles
[    0.000000] clocksource: kvm-clock: mask: 0xffffffffffffffff max_cycles: 0x1cd42e4dffb, max_idle_ns: 881590591483 ns
[    0.000000] Zone ranges:
[    0.000000]   DMA      [mem 0x0000000000001000-0x0000000000ffffff]
[    0.000000]   DMA32    [mem 0x0000000001000000-0x000000001ffeffff]
[    0.000000]   Normal   empty
[    0.000000]   Device   empty
[    0.000000] Movable zone start for each node
[    0.000000] Early memory node ranges
[    0.000000]   node   0: [mem 0x0000000000001000-0x000000000009efff]
[    0.000000]   node   0: [mem 0x0000000000100000-0x000000001ffeffff]
[    0.000000] Reserved but unavailable: 98 pages
[    0.000000] Initmem setup node 0 [mem 0x0000000000001000-0x000000001ffeffff]
[    0.000000] ACPI: PM-Timer IO Port: 0x4008
[    0.000000] IOAPIC[0]: apic_id 1, version 32, address 0xfec00000, GSI 0-23
[    0.000000] ACPI: INT_SRC_OVR (bus 0 bus_irq 0 global_irq 2 dfl dfl)
[    0.000000] ACPI: INT_SRC_OVR (bus 0 bus_irq 9 global_irq 9 low level)
[    0.000000] Using ACPI (MADT) for SMP configuration information
[    0.000000] smpboot: Allowing 1 CPUs, 0 hotplug CPUs
[    0.000000] PM: Registered nosave memory: [mem 0x00000000-0x00000fff]
[    0.000000] PM: Registered nosave memory: [mem 0x0009f000-0x0009ffff]
[    0.000000] PM: Registered nosave memory: [mem 0x000a0000-0x000effff]
[    0.000000] PM: Registered nosave memory: [mem 0x000f0000-0x000fffff]
[    0.000000] e820: [mem 0x20000000-0xfebfffff] available for PCI devices
[    0.000000] Booting paravirtualized kernel on KVM
[    0.000000] clocksource: refined-jiffies: mask: 0xffffffff max_cycles: 0xffffffff, max_idle_ns: 7645519600211568 ns
[    0.000000] random: get_random_bytes called from start_kernel+0x99/0x4fd with crng_init=0
[    0.000000] setup_percpu: NR_CPUS:8192 nr_cpumask_bits:1 nr_cpu_ids:1 nr_node_ids:1
[    0.000000] percpu: Embedded 46 pages/cpu s151552 r8192 d28672 u2097152
[    0.000000] PV qspinlock hash table entries: 256 (order: 0, 4096 bytes)
[    0.000000] Built 1 zonelists, mobility grouping on.  Total pages: 128889
[    0.000000] Policy zone: DMA32
[    0.000000] Kernel command line: BOOT_IMAGE=/boot/vmlinuz-4.15.0-65-generic root=LABEL=cloudimg-rootfs ro console=tty1 console=ttyS0
[    0.000000] Memory: 467524K/523832K available (12300K kernel code, 2481K rwdata, 4256K rodata, 2436K init, 2388K bss, 56308K reserved, 0K cma-reserved)
[    0.000000] SLUB: HWalign=64, Order=0-3, MinObjects=0, CPUs=1, Nodes=1
[    0.000000] ftrace: allocating 39301 entries in 154 pages
[    0.004000] Hierarchical RCU implementation.
[    0.004000] 	RCU restricting CPUs from NR_CPUS=8192 to nr_cpu_ids=1.
[    0.004000] 	Tasks RCU enabled.
[    0.004000] RCU: Adjusting geometry for rcu_fanout_leaf=16, nr_cpu_ids=1
[    0.004000] NR_IRQS: 524544, nr_irqs: 256, preallocated irqs: 16
[    0.004000] Console: colour VGA+ 80x25
[    0.004000] console [tty1] enabled
[    0.004000] console [ttyS0] enabled
[    0.004000] ACPI: Core revision 20170831
[    0.004000] ACPI: 2 ACPI AML tables successfully acquired and loaded
[    0.004000] APIC: Switch to symmetric I/O mode setup
[    0.004000] x2apic enabled
[    0.004000] Switched APIC routing to physical x2apic.
[    0.005404] ..TIMER: vector=0x30 apic1=0 pin1=2 apic2=-1 pin2=-1
[    0.008006] tsc: Detected 1800.003 MHz processor
[    0.012022] Calibrating delay loop (skipped) preset value.. 3600.00 BogoMIPS (lpj=7200012)
[    0.016006] pid_max: default: 32768 minimum: 301
[    0.018046] Security Framework initialized
[    0.020007] Yama: becoming mindful.
[    0.021662] AppArmor: AppArmor initialized
[    0.024184] Dentry cache hash table entries: 65536 (order: 7, 524288 bytes)
[    0.027179] Inode-cache hash table entries: 32768 (order: 6, 262144 bytes)
[    0.028051] Mount-cache hash table entries: 1024 (order: 1, 8192 bytes)
[    0.032010] Mountpoint-cache hash table entries: 1024 (order: 1, 8192 bytes)
[    0.036374] process: using mwait in idle threads
[    0.038440] Last level iTLB entries: 4KB 64, 2MB 8, 4MB 8
[    0.040011] Last level dTLB entries: 4KB 64, 2MB 0, 4MB 0, 1GB 4
[    0.041948] Spectre V1 : Mitigation: usercopy/swapgs barriers and __user pointer sanitization
[    0.044007] Spectre V2 : Mitigation: Full generic retpoline
[    0.046104] Spectre V2 : Spectre v2 / SpectreRSB mitigation: Filling RSB on context switch
[    0.048009] Speculative Store Bypass: Vulnerable
[    0.052083] MDS: Mitigation: Clear CPU buffers
[    0.086670] Freeing SMP alternatives memory: 36K
[    0.201379] smpboot: CPU0: Intel(R) Core(TM) i5-8265U CPU @ 1.60GHz (family: 0x6, model: 0x8e, stepping: 0xb)
[    0.204010] Performance Events: unsupported p6 CPU model 142 no PMU driver, software events only.
[    0.207665] Hierarchical SRCU implementation.
[    0.209271] NMI watchdog: Perf event create on CPU 0 failed with -2
[    0.212005] NMI watchdog: Perf NMI watchdog permanently disabled
[    0.214589] smp: Bringing up secondary CPUs ...
[    0.216007] smp: Brought up 1 node, 1 CPU
[    0.217717] smpboot: Max logical packages: 1
[    0.220006] smpboot: Total of 1 processors activated (3600.00 BogoMIPS)
[    0.223010] devtmpfs: initialized
[    0.224130] x86/mm: Memory block size: 128MB
[    0.228279] evm: security.selinux
[    0.229786] evm: security.SMACK64
[    0.231296] evm: security.SMACK64EXEC
[    0.232010] evm: security.SMACK64TRANSMUTE
[    0.233892] evm: security.SMACK64MMAP
[    0.236006] evm: security.apparmor
[    0.237539] evm: security.ima
[    0.238875] evm: security.capability
[    0.240266] clocksource: jiffies: mask: 0xffffffff max_cycles: 0xffffffff, max_idle_ns: 7645041785100000 ns
[    0.244018] futex hash table entries: 256 (order: 2, 16384 bytes)
[    0.246800] pinctrl core: initialized pinctrl subsystem
[    0.248215] RTC time: 15:31:45, date: 11/30/19
[    0.252179] NET: Registered protocol family 16
[    0.254428] audit: initializing netlink subsys (disabled)
[    0.256295] cpuidle: using governor ladder
[    0.258170] cpuidle: using governor menu
[    0.260015] audit: type=2000 audit(1575127911.477:1): state=initialized audit_enabled=0 res=1
[    0.264092] ACPI: bus type PCI registered
[    0.265978] acpiphp: ACPI Hot Plug PCI Controller Driver version: 0.5
[    0.268241] PCI: Using configuration type 1 for base access
[    0.274668] HugeTLB registered 2.00 MiB page size, pre-allocated 0 pages
[    0.276392] ACPI: Added _OSI(Module Device)
[    0.278244] ACPI: Added _OSI(Processor Device)
[    0.280009] ACPI: Added _OSI(3.0 _SCP Extensions)
[    0.281951] ACPI: Added _OSI(Processor Aggregator Device)
[    0.284021] ACPI: Added _OSI(Linux-Dell-Video)
[    0.286082] ACPI: Added _OSI(Linux-Lenovo-NV-HDMI-Audio)
[    0.288035] ACPI: Added _OSI(Linux-HPI-Hybrid-Graphics)
[    0.292738] ACPI: Executed 1 blocks of module-level executable AML code
[    0.305529] ACPI: Interpreter enabled
[    0.307113] ACPI: (supports S0 S5)
[    0.308007] ACPI: Using IOAPIC for interrupt routing
[    0.310777] PCI: Using host bridge windows from ACPI; if necessary, use "pci=nocrs" and report a bug
[    0.312445] ACPI: Enabled 2 GPEs in block 00 to 07
[    0.331952] ACPI: PCI Root Bridge [PCI0] (domain 0000 [bus 00-ff])
[    0.332017] acpi PNP0A03:00: _OSC: OS supports [ASPM ClockPM Segments MSI]
[    0.337667] acpi PNP0A03:00: _OSC: not requesting OS control; OS requires [ExtendedConfig ASPM ClockPM MSI]
[    0.340032] acpi PNP0A03:00: fail to add MMCONFIG information, can't access extended PCI configuration space under this bridge.
[    0.348269] PCI host bridge to bus 0000:00
[    0.350038] pci_bus 0000:00: root bus resource [io  0x0000-0x0cf7 window]
[    0.352009] pci_bus 0000:00: root bus resource [io  0x0d00-0xffff window]
[    0.354905] pci_bus 0000:00: root bus resource [mem 0x000a0000-0x000bffff window]
[    0.356006] pci_bus 0000:00: root bus resource [mem 0x20000000-0xfdffffff window]
[    0.360028] pci_bus 0000:00: root bus resource [bus 00-ff]
[    0.369668] pci 0000:00:01.1: legacy IDE quirk: reg 0x10: [io  0x01f0-0x01f7]
[    0.372000] pci 0000:00:01.1: legacy IDE quirk: reg 0x14: [io  0x03f6]
[    0.372007] pci 0000:00:01.1: legacy IDE quirk: reg 0x18: [io  0x0170-0x0177]
[    0.376008] pci 0000:00:01.1: legacy IDE quirk: reg 0x1c: [io  0x0376]
[    0.408961] pci 0000:00:07.0: quirk: [io  0x4000-0x403f] claimed by PIIX4 ACPI
[    0.412036] pci 0000:00:07.0: quirk: [io  0x4100-0x410f] claimed by PIIX4 SMB
[    0.431557] ACPI: PCI Interrupt Link [LNKA] (IRQs 5 9 10 *11)
[    0.432551] ACPI: PCI Interrupt Link [LNKB] (IRQs 5 9 *10 11)
[    0.434063] ACPI: PCI Interrupt Link [LNKC] (IRQs 5 *9 10 11)
[    0.436103] ACPI: PCI Interrupt Link [LNKD] (IRQs 5 9 10 *11)
[    0.437393] SCSI subsystem initialized
[    0.438059] pci 0000:00:02.0: vgaarb: setting as boot VGA device
[    0.438913] pci 0000:00:02.0: vgaarb: VGA device added: decodes=io+mem,owns=io+mem,locks=none
[    0.440004] pci 0000:00:02.0: vgaarb: bridge control possible
[    0.440824] vgaarb: loaded
[    0.441279] ACPI: bus type USB registered
[    0.441933] usbcore: registered new interface driver usbfs
[    0.442831] usbcore: registered new interface driver hub
[    0.444015] usbcore: registered new device driver usb
[    0.444880] EDAC MC: Ver: 3.0.0
[    0.445730] PCI: Using ACPI for IRQ routing
[    0.446803] NetLabel: Initializing
[    0.447549] NetLabel:  domain hash size = 128
[    0.448003] NetLabel:  protocols = UNLABELED CIPSOv4 CALIPSO
[    0.448846] NetLabel:  unlabeled traffic allowed by default
[    0.449896] clocksource: Switched to clocksource kvm-clock
[    0.468451] VFS: Disk quotas dquot_6.6.0
[    0.469150] VFS: Dquot-cache hash table entries: 512 (order 0, 4096 bytes)
[    0.470724] AppArmor: AppArmor Filesystem Enabled
[    0.472133] pnp: PnP ACPI init
[    0.473721] pnp: PnP ACPI: found 3 devices
[    0.479834] clocksource: acpi_pm: mask: 0xffffff max_cycles: 0xffffff, max_idle_ns: 2085701024 ns
[    0.481182] NET: Registered protocol family 2
[    0.482000] TCP established hash table entries: 4096 (order: 3, 32768 bytes)
[    0.483004] TCP bind hash table entries: 4096 (order: 4, 65536 bytes)
[    0.483938] TCP: Hash tables configured (established 4096 bind 4096)
[    0.485154] UDP hash table entries: 256 (order: 1, 8192 bytes)
[    0.486137] UDP-Lite hash table entries: 256 (order: 1, 8192 bytes)
[    0.487258] NET: Registered protocol family 1
[    0.487963] pci 0000:00:00.0: Limiting direct PCI/PCI transfers
[    0.488867] pci 0000:00:01.0: Activating ISA DMA hang workarounds
[    0.490022] pci 0000:00:02.0: Video device with shadowed ROM at [mem 0x000c0000-0x000dffff]
[    0.492720] Unpacking initramfs...
[    1.212676] Freeing initrd memory: 19144K
[    1.214578] clocksource: tsc: mask: 0xffffffffffffffff max_cycles: 0x19f22c73312, max_idle_ns: 440795259572 ns
[    1.218749] platform rtc_cmos: registered platform RTC device (no PNP device found)
[    1.221934] Scanning for low memory corruption every 60 seconds
[    1.225428] Initialise system trusted keyrings
[    1.227285] Key type blacklist registered
[    1.229188] workingset: timestamp_bits=36 max_order=17 bucket_order=0
[    1.234461] zbud: loaded
[    1.236970] squashfs: version 4.0 (2009/01/31) Phillip Lougher
[    1.239969] fuse init (API version 7.26)
[    1.243590] Key type asymmetric registered
[    1.245513] Asymmetric key parser 'x509' registered
[    1.247829] Block layer SCSI generic (bsg) driver version 0.4 loaded (major 246)
[    1.251143] io scheduler noop registered
[    1.252809] io scheduler deadline registered
[    1.254836] io scheduler cfq registered (default)
[    1.257363] ACPI: AC Adapter [AC] (off-line)
[    1.259247] input: Power Button as /devices/LNXSYSTM:00/LNXPWRBN:00/input/input0
[    1.262475] ACPI: Power Button [PWRF]
[    1.264333] input: Sleep Button as /devices/LNXSYSTM:00/LNXSLPBN:00/input/input1
[    1.267585] ACPI: Sleep Button [SLPF]
[    1.271941] ACPI: Battery Slot [BAT0] (battery present)
[    1.274365] Serial: 8250/16550 driver, 32 ports, IRQ sharing enabled
[    1.298916] 00:02: ttyS0 at I/O 0x3f8 (irq = 4, base_baud = 115200) is a 16550A
[    1.312340] Linux agpgart interface v0.103
[    1.316939] loop: module loaded
[    1.319396] scsi host0: ata_piix
[    1.321181] scsi host1: ata_piix
[    1.322637] ata1: PATA max UDMA/33 cmd 0x1f0 ctl 0x3f6 bmdma 0xd000 irq 14
[    1.325429] ata2: PATA max UDMA/33 cmd 0x170 ctl 0x376 bmdma 0xd008 irq 15
[    1.329370] libphy: Fixed MDIO Bus: probed
[    1.331155] tun: Universal TUN/TAP device driver, 1.6
[    1.333427] PPP generic driver version 2.4.2
[    1.335408] ehci_hcd: USB 2.0 'Enhanced' Host Controller (EHCI) Driver
[    1.338302] ehci-pci: EHCI PCI platform driver
[    1.340362] ehci-platform: EHCI generic platform driver
[    1.342798] ohci_hcd: USB 1.1 'Open' Host Controller (OHCI) Driver
[    1.345484] ohci-pci: OHCI PCI platform driver
[    1.349062] ohci-pci 0000:00:06.0: OHCI PCI host controller
[    1.351434] ohci-pci 0000:00:06.0: new USB bus registered, assigned bus number 1
[    1.354637] ohci-pci 0000:00:06.0: irq 22, io mem 0xf0804000
[    1.418336] usb usb1: New USB device found, idVendor=1d6b, idProduct=0001
[    1.423016] usb usb1: New USB device strings: Mfr=3, Product=2, SerialNumber=1
[    1.428041] usb usb1: Product: OHCI PCI host controller
[    1.431744] usb usb1: Manufacturer: Linux 4.15.0-65-generic ohci_hcd
[    1.435952] usb usb1: SerialNumber: 0000:00:06.0
[    1.439559] hub 1-0:1.0: USB hub found
[    1.442393] hub 1-0:1.0: 12 ports detected
[    1.445786] ohci-platform: OHCI generic platform driver
[    1.448315] uhci_hcd: USB Universal Host Controller Interface driver
[    1.451124] i8042: PNP: PS/2 Controller [PNP0303:PS2K,PNP0f03:PS2M] at 0x60,0x64 irq 1,12
[    1.455354] serio: i8042 KBD port at 0x60,0x64 irq 1
[    1.457179] serio: i8042 AUX port at 0x60,0x64 irq 12
[    1.459105] mousedev: PS/2 mouse device common for all mice
[    1.461484] input: AT Translated Set 2 keyboard as /devices/platform/i8042/serio0/input/input2
[    1.465284] rtc_cmos rtc_cmos: rtc core: registered rtc_cmos as rtc0
[    1.467355] rtc_cmos rtc_cmos: alarms up to one day, 114 bytes nvram
[    1.469321] i2c /dev entries driver
[    1.470600] device-mapper: uevent: version 1.0.3
[    1.472253] device-mapper: ioctl: 4.37.0-ioctl (2017-09-20) initialised: dm-devel@redhat.com
[    1.475097] ledtrig-cpu: registered to indicate activity on CPUs
[    1.477181] intel_pmc_core:  initialized
[    1.479138] NET: Registered protocol family 10
[    1.486995] Segment Routing with IPv6
[    1.489025] NET: Registered protocol family 17
[    1.491158] Key type dns_resolver registered
[    1.493249] mce: Using 0 MCE banks
[    1.494760] RAS: Correctable Errors collector initialized.
[    1.497231] sched_clock: Marking stable (1497145593, 0)->(1790613075, -293467482)
[    1.500409] registered taskstats version 1
[    1.501897] Loading compiled-in X.509 certificates
[    1.507131] Loaded X.509 cert 'Build time autogenerated kernel key: 3a65b6a3c8b5d6b297d77c25be9161529933bc49'
[    1.508659] zswap: loaded using pool lzo/zbud
[    1.511504] Key type big_key registered
[    1.512110] Key type trusted registered
[    1.513808] Key type encrypted registered
[    1.514418] AppArmor: AppArmor sha1 policy hashing enabled
[    1.515272] ima: No TPM chip found, activating TPM-bypass! (rc=-19)
[    1.516179] ima: Allocated hash algorithm: sha1
[    1.516997] evm: HMAC attrs: 0x1
[    1.517818]   Magic number: 11:355:539
[    1.518467] tty ttyS19: hash matches
[    1.519071] rtc_cmos rtc_cmos: setting system clock to 2019-11-30 15:31:46 UTC (1575127906)
[    1.520522] BIOS EDD facility v0.16 2004-Jun-25, 0 devices found
[    1.521493] EDD information not available.
[    1.524260] Freeing unused kernel image memory: 2436K
[    1.532423] Write protecting the kernel read-only data: 20480k
[    1.533753] Freeing unused kernel image memory: 2008K
[    1.534882] Freeing unused kernel image memory: 1888K
[    1.543741] x86/mm: Checked W+X mappings: passed, no W+X pages found.
Loading, please wait...
starting version 237
[    1.749347] e1000: Intel(R) PRO/1000 Network Driver - version 7.3.21-k8-NAPI
[    1.752296] e1000: Copyright (c) 1999-2006 Intel Corporation.
[    1.754769] Fusion MPT base driver 3.04.20
[    1.756576] Copyright (c) 1999-2008 LSI Corporation
[    1.797680] Fusion MPT SPI Host driver 3.04.20
[    1.864124] AVX2 version of gcm_enc/dec engaged.
[    1.866158] AES CTR mode by8 optimization enabled
[    1.983219] input: ImExPS/2 Generic Explorer Mouse as /devices/platform/i8042/serio1/input/input4
[    2.362494] e1000 0000:00:03.0 eth0: (PCI:33MHz:32-bit) 02:82:7a:7b:51:94
[    2.365808] e1000 0000:00:03.0 eth0: Intel(R) PRO/1000 Network Connection
[    2.370530] mptbase: ioc0: Initiating bringup
[    2.469178] ioc0: LSI53C1030 A0: Capabilities={Initiator}
[    2.717725] scsi host2: ioc0: LSI53C1030 A0, FwRev=00000000h, Ports=1, MaxQ=256, IRQ=20
[    2.889577] scsi 2:0:0:0: Direct-Access     VBOX     HARDDISK         1.0  PQ: 0 ANSI: 5
[    2.899229] scsi target2:0:0: Beginning Domain Validation
[    2.905790] random: fast init done
[    2.911932] scsi target2:0:0: Domain Validation skipping write tests
[    2.916346] scsi target2:0:0: Ending Domain Validation
[    2.920054] scsi target2:0:0: asynchronous
[    2.923658] scsi 2:0:1:0: Direct-Access     VBOX     HARDDISK         1.0  PQ: 0 ANSI: 5
[    2.927324] scsi target2:0:1: Beginning Domain Validation
[    2.973970] scsi target2:0:1: Domain Validation skipping write tests
[    2.976599] scsi target2:0:1: Ending Domain Validation
[    2.979286] scsi target2:0:1: asynchronous
[    3.087637] sd 2:0:0:0: Attached scsi generic sg0 type 0
[    3.090183] random: systemd-udevd: uninitialized urandom read (16 bytes read)
[    3.093383] sd 2:0:0:0: [sda] 20971520 512-byte logical blocks: (10.7 GB/10.0 GiB)
[    3.096996] sd 2:0:0:0: [sda] Write Protect is off
[    3.099368] sd 2:0:1:0: Attached scsi generic sg1 type 0
[    3.103342] sd 2:0:1:0: [sdb] 20480 512-byte logical blocks: (10.5 MB/10.0 MiB)
[    3.106853] random: systemd-udevd: uninitialized urandom read (16 bytes read)
[    3.109836] sd 2:0:0:0: [sda] Incomplete mode parameter data
[    3.112339] sd 2:0:0:0: [sda] Assuming drive cache: write through
[    3.115082] sd 2:0:1:0: [sdb] Write Protect is off
[    3.122951] random: systemd-udevd: uninitialized urandom read (16 bytes read)
[    3.126096] sd 2:0:1:0: [sdb] Incomplete mode parameter data
[    3.128550] sd 2:0:1:0: [sdb] Assuming drive cache: write through
[    3.146767]  sda: sda1
[    3.149808] sd 2:0:0:0: [sda] Attached SCSI disk
[    3.163899] sd 2:0:1:0: [sdb] Attached SCSI disk
[    3.491977] e1000 0000:00:08.0 eth1: (PCI:33MHz:32-bit) 08:00:27:03:86:af
[    3.494966] e1000 0000:00:08.0 eth1: Intel(R) PRO/1000 Network Connection
[    3.499947] e1000 0000:00:08.0 enp0s8: renamed from eth1
[    3.507669] e1000 0000:00:03.0 enp0s3: renamed from eth0
Begin: Loading essential drivers ... [    5.484119] raid6: sse2x1   gen()  4664 MB/s
[    5.532239] raid6: sse2x1   xor()  3405 MB/s
[    5.580350] raid6: sse2x2   gen()  5718 MB/s
[    5.628450] raid6: sse2x2   xor()  3866 MB/s
[    5.676076] raid6: sse2x4   gen()  6172 MB/s
[    5.724205] raid6: sse2x4   xor()  4154 MB/s
[    5.772294] raid6: avx2x1   gen()  9387 MB/s
[    5.820360] raid6: avx2x1   xor()  6508 MB/s
[    5.868492] raid6: avx2x2   gen() 10647 MB/s
[    5.916622] raid6: avx2x2   xor()  6827 MB/s
[    5.964241] raid6: avx2x4   gen() 17855 MB/s
[    6.012290] raid6: avx2x4   xor() 14427 MB/s
[    6.012996] raid6: using algorithm avx2x4 gen() 17855 MB/s
[    6.013806] raid6: .... xor() 14427 MB/s, rmw enabled
[    6.014622] raid6: using avx2x2 recovery algorithm
[    6.016982] xor: automatically using best checksumming function   avx       
[    6.019502] async_tx: api initialized (async)
done.
Begin: Running /scripts/init-premount ... done.
Begin: Mounting root file system ... Begin: Running /scripts/local-top ... done.
Begin: Running /scripts/local-premount ... [    6.132437] Btrfs loaded, crc32c=crc32c-intel
Scanning for Btrfs filesystems
done.
Warning: fsck not present, so skipping root file system
[    6.201493] EXT4-fs (sda1): mounted filesystem with ordered data mode. Opts: (null)
done.
Begin: Running /scripts/local-bottom ... done.
Begin: Running /scripts/init-bottom ... done.
[    6.478654] ip_tables: (C) 2000-2006 Netfilter Core Team
[    6.495264] systemd[1]: systemd 237 running in system mode. (+PAM +AUDIT +SELINUX +IMA +APPARMOR +SMACK +SYSVINIT +UTMP +LIBCRYPTSETUP +GCRYPT +GNUTLS +ACL +XZ +LZ4 +SECCOMP +BLKID +ELFUTILS +KMOD -IDN2 +IDN -PCRE2 default-hierarchy=hybrid)
[    6.503569] systemd[1]: Detected virtualization oracle.
[    6.505852] systemd[1]: Detected architecture x86-64.

Welcome to [1mUbuntu 18.04.3 LTS[0m!

[    6.514561] systemd[1]: Set hostname to <ubuntu>.
[    6.524934] systemd[1]: Initializing machine ID from random generator.
[    6.527673] systemd[1]: Installed transient /etc/machine-id file.
[    7.009221] systemd[1]: Reached target User and Group Name Lookups.
[[0;32m  OK  [0m] Reached target User and Group Name Lookups.
[    7.024649] systemd[1]: Started Forward Password Requests to Wall Directory Watch.
[[0;32m  OK  [0m] Started Forward Password Requests to Wall Directory Watch.
[    7.029722] systemd[1]: Set up automount Arbitrary Executable File Formats File System Automount Point.
[[0;32m  OK  [0m] Set up automount Arbitrary Executab…rmats File System Automount Point.
[    7.044215] systemd[1]: Reached target Swap.
[[0;32m  OK  [0m] Reached target Swap.
[[0;32m  OK  [0m] Created slice System Slice.
[[0;32m  OK  [0m] Listening on Journal Audit Socket.
[[0;32m  OK  [0m] Listening on LVM2 metadata daemon socket.
[[0;32m  OK  [0m] Listening on /dev/initctl Compatibility Named Pipe.
[[0;32m  OK  [0m] Listening on Journal Socket.
[[0;32m  OK  [0m] Listening on Device-mapper event daemon FIFOs.
         Starting Monitoring of LVM2 mirrors…ng dmeventd or progress polling...
         Starting Set the console keyboard layout...
[[0;32m  OK  [0m] Listening on udev Control Socket.
[[0;32m  OK  [0m] Listening on Journal Socket (/dev/log).
         Mounting POSIX Message Queue File System...
[[0;32m  OK  [0m] Created slice system-serial\x2dgetty.slice.
         Mounting Kernel Debug File System...
         Starting Load Kernel Modules...
[[0;32m  OK  [0m] Listening on Syslog Socket.
[[0;32m  OK  [0m] Listening on Network Service Netlink Socket.
[[0;32m  OK  [0m] Listening on udev Kernel Socket.
         Starting udev Coldplug all Devices...
         Starting Uncomplicated firewall...
[[0;32m  OK  [0m] Created slice User and Session Slice.
[[0;32m  OK  [0m] Reached target Slices.
         Mounting Huge Pages File System...
         Starting Create list of required st…ce nodes for the current kernel...
         Starting Remount Root and Kernel File Systems...
[[0;32m  OK  [0m] Listening on LVM2 poll daemon socket.
[[0;32m  OK  [0m] Reached target System Time Synchronized.
         Starting Journal Service...
[[0;32m  OK  [0m] Mounted POSIX Message Queue File System.
[[0;32m  OK  [0m] Mounted Kernel Debug File System.
[[0;32m  OK  [0m] Started Uncomplicated firewall.
[    7.240877] Loading iSCSI transport class v2.0-870.
[[0;32m  OK  [0m] Mounted Huge Pages File System.
[[0;32m  OK  [0m] Started Create list of required sta…vice nodes for the current kernel.
[[0;32m  OK  [0m] Started LVM2 metadata daemon.
         Starting Create Static Device Nodes in /dev...
[    7.336975] EXT4-fs (sda1): re-mounted. Opts: (null)
[[0;32m  OK  [0m] Started Remount Root and Kernel File Systems.
         Starting Load/Save Random Seed...
[    7.366679] iscsi: registered transport (tcp)
[[0;32m  OK  [0m] Started Monitoring of LVM2 mirrors,…sing dmeventd or progress polling.
[[0;32m  OK  [0m] Started Load/Save Random Seed.
[[0;32m  OK  [0m] Started Create Static Device Nodes in /dev.
         Starting udev Kernel Device Manager...
[    7.522295] iscsi: registered transport (iser)
[[0;32m  OK  [0m] Started Load Kernel Modules.
         Mounting Kernel Configuration File System...
         Starting Apply Kernel Variables...
         Mounting FUSE Control File System...
[[0;32m  OK  [0m] Mounted Kernel Configuration File System.
[[0;32m  OK  [0m] Mounted FUSE Control File System.
[[0;32m  OK  [0m] Started udev Kernel Device Manager.
[[0;32m  OK  [0m] Started Apply Kernel Variables.
[[0;32m  OK  [0m] Started udev Coldplug all Devices.
[[0;32m  OK  [0m] Started Journal Service.
         Starting Flush Journal to Persistent Storage...
[[0;32m  OK  [0m] Started Flush Journal to Persistent Storage.
[[0;32m  OK  [0m] Started Set the console keyboard layout.
[[0;32m  OK  [0m] Started Dispatch Password Requests to Console Directory Watch.
[[0;32m  OK  [0m] Reached target Local Encrypted Volumes.
[[0;32m  OK  [0m] Reached target Local File Systems (Pre).
[[0;32m  OK  [0m] Reached target Local File Systems.
         Starting Create Volatile Files and Directories...
         Starting Commit a transient machine-id on disk...
         Starting Tell Plymouth To Write Out Runtime Data...
         Starting Set console font and keymap...
         Starting AppArmor initialization...
         Starting ebtables ruleset management...
[[0;32m  OK  [0m] Started Create Volatile Files and Directories.
         Starting Update UTMP about System Boot/Shutdown...
[[0;32m  OK  [0m] Started Set console font and keymap.
[[0;32m  OK  [0m] Started Tell Plymouth To Write Out Runtime Data.
[[0;32m  OK  [0m] Started Commit a transient machine-id on disk.
[[0;32m  OK  [0m] Started Update UTMP about System Boot/Shutdown.
[[0;32m  OK  [0m] Started ebtables ruleset management.
[[0;32m  OK  [0m] Found device /dev/ttyS0.
[[0;32m  OK  [0m] Listening on Load/Save RF Kill Switch Status /dev/rfkill Watch.
[[0;32m  OK  [0m] Started AppArmor initialization.
         Starting Initial cloud-init job (pre-networking)...
[   16.698732] cloud-init[531]: Cloud-init v. 19.2-36-g059d049c-0ubuntu1~18.04.1 running 'init-local' at Sat, 30 Nov 2019 15:32:00 +0000. Up 15.74 seconds.
[[0;32m  OK  [0m] Started Initial cloud-init job (pre-networking).
[[0;32m  OK  [0m] Reached target Network (Pre).
         Starting Network Service...
[[0;32m  OK  [0m] Started Network Service.
         Starting Network Name Resolution...
         Starting Wait for Network to be Configured...
[[0;32m  OK  [0m] Started Network Name Resolution.
[[0;32m  OK  [0m] Reached target Network.
[[0;32m  OK  [0m] Reached target Host and Network Name Lookups.
[[0;32m  OK  [0m] Started Wait for Network to be Configured.
         Starting Initial cloud-init job (metadata service crawler)...
[   20.239872] cloud-init[633]: Cloud-init v. 19.2-36-g059d049c-0ubuntu1~18.04.1 running 'init' at Sat, 30 Nov 2019 15:32:04 +0000. Up 19.79 seconds.
[   20.240954] cloud-init[633]: ci-info: ++++++++++++++++++++++++++++++++++++++Net device info+++++++++++++++++++++++++++++++++++++++
[   20.242220] cloud-init[633]: ci-info: +--------+-------+----------------------------+---------------+--------+-------------------+
[   20.243237] cloud-init[633]: ci-info: | Device |   Up  |          Address           |      Mask     | Scope  |     Hw-Address    |
[   20.244255] cloud-init[633]: ci-info: +--------+-------+----------------------------+---------------+--------+-------------------+
[   20.248329] cloud-init[633]: ci-info: | enp0s3 |  True |         10.0.2.15          | 255.255.255.0 | global | 02:82:7a:7b:51:94 |
[   20.249914] cloud-init[633]: ci-info: | enp0s3 |  True | fe80::82:7aff:fe7b:5194/64 |       .       |  link  | 02:82:7a:7b:51:94 |
[   20.251063] cloud-init[633]: ci-info: | enp0s8 | False |             .              |       .       |   .    | 08:00:27:03:86:af |
[   20.252360] cloud-init[633]: ci-info: |   lo   |  True |         127.0.0.1          |   255.0.0.0   |  host  |         .         |
[   20.253889] cloud-init[633]: ci-info: |   lo   |  True |          ::1/128           |       .       |  host  |         .         |
[   20.254799] cloud-init[633]: ci-info: +--------+-------+----------------------------+---------------+--------+-------------------+
[   20.255824] cloud-init[633]: ci-info: ++++++++++++++++++++++++++++Route IPv4 info+++++++++++++++++++++++++++++
[   20.256792] cloud-init[633]: ci-info: +-------+-------------+----------+-----------------+-----------+-------+
[   20.257476] cloud-init[633]: ci-info: | Route | Destination | Gateway  |     Genmask     | Interface | Flags |
[   20.258279] cloud-init[633]: ci-info: +-------+-------------+----------+-----------------+-----------+-------+
[   20.260693] cloud-init[633]: ci-info: |   0   |   0.0.0.0   | 10.0.2.2 |     0.0.0.0     |   enp0s3  |   UG  |
[   20.272271] cloud-init[633]: ci-info: |   1   |   10.0.2.0  | 0.0.0.0  |  255.255.255.0  |   enp0s3  |   U   |
[   20.274396] cloud-init[633]: ci-info: |   2   |   10.0.2.2  | 0.0.0.0  | 255.255.255.255 |   enp0s3  |   UH  |
[   20.276641] cloud-init[633]: ci-info: +-------+-------------+----------+-----------------+-----------+-------+
[   20.278688] cloud-init[633]: ci-info: +++++++++++++++++++Route IPv6 info+++++++++++++++++++
[   20.280380] cloud-init[633]: ci-info: +-------+-------------+---------+-----------+-------+
[   20.283357] cloud-init[633]: ci-info: | Route | Destination | Gateway | Interface | Flags |
[   20.296457] cloud-init[633]: ci-info: +-------+-------------+---------+-----------+-------+
[   20.298489] cloud-init[633]: ci-info: |   1   |  fe80::/64  |    ::   |   enp0s3  |   U   |
[   20.300453] cloud-init[633]: ci-info: |   3   |    local    |    ::   |   enp0s3  |   U   |
[   20.305502] cloud-init[633]: ci-info: |   4   |   ff00::/8  |    ::   |   enp0s3  |   U   |
[   20.308444] cloud-init[633]: ci-info: +-------+-------------+---------+-----------+-------+
[   21.340777] cloud-init[633]: Generating public/private rsa key pair.
[   21.341598] cloud-init[633]: Your identification has been saved in /etc/ssh/ssh_host_rsa_key.
[   21.342744] cloud-init[633]: Your public key has been saved in /etc/ssh/ssh_host_rsa_key.pub.
[   21.344240] cloud-init[633]: The key fingerprint is:
[   21.348361] cloud-init[633]: SHA256:e36uQS+LfizCqIvs7bBE7bemEqmLuuEk6ZBRUtaPWxo root@ubuntu-bionic
[   21.349831] cloud-init[633]: The key's randomart image is:
[   21.350202] cloud-init[633]: +---[RSA 2048]----+
[   21.360379] cloud-init[633]: |  o.             |
[   21.361131] cloud-init[633]: | o  .            |
[   21.372728] cloud-init[633]: |. .  o           |
[   21.384654] cloud-init[633]: | o. E o          |
[   21.396531] cloud-init[633]: |.... =  S .      |
[   21.397541] cloud-init[633]: |.*. o    o .     |
[   21.398507] cloud-init[633]: |B+.. +  ..+ .    |
[   21.408578] cloud-init[633]: |@++ o.+ .+o+.    |
[   21.409837] cloud-init[633]: |OO=*o. ooo++.    |
[   21.410863] cloud-init[633]: +----[SHA256]-----+
[   21.411811] cloud-init[633]: Generating public/private dsa key pair.
[   21.413205] cloud-init[633]: Your identification has been saved in /etc/ssh/ssh_host_dsa_key.
[   21.416295] cloud-init[633]: Your public key has been saved in /etc/ssh/ssh_host_dsa_key.pub.
[   21.428765] cloud-init[633]: The key fingerprint is:
[   21.440685] cloud-init[633]: SHA256:WRrD80e4AOjLSs1fcjECfEor+vIbE09Cu6aVKBBNLjE root@ubuntu-bionic
[   21.442519] cloud-init[633]: The key's randomart image is:
[   21.444561] cloud-init[633]: +---[DSA 1024]----+
[   21.456567] cloud-init[633]: |E .. ..          |
[[0;32m  OK  [0m] Started Initial cloud-init job (metadata service crawler).[   21.473336] cloud-init[633]: | *  = .o   .     |
[   21.475266] cloud-init
[[0;32m  OK  [0m] Reached target Cloud-config availability.
[[0;32m  OK  [0m] Reached target Network is Online.[633]: |o +o =  * o .    |
[   21.481110] cloud-init[633]: | +..+ . oX o     |
[   21.482644] cloud-init[633]: |..+=.. .Soo .    |

[   21.488692] cloud-init[633]: |o..B= . o  .     |
[   21.498448] cloud-init[633]: |ooB... +         |
[   21.499965] cloud-init[633]: |o+oo  .          |
         Starting Availability of block devices...
[[0;32m  OK  [0m] Reached target Remote File Systems (Pre).
[[0;32m  OK  [0m] Reached target Remote File Systems.
[[0;32m  OK  [0m] Reached target System Initialization.
[[0;32m  OK  [0m] Listening on D-Bus System Message Bus Socket.
[[0;32m  OK  [0m] Started Discard unused blocks once a week.
[[0;32m  OK  [0m] Listening on UUID daemon activation socket.
[[0;32m  OK  [0m] Listening on ACPID Listen Socket.
[[0;32m  OK  [0m] Started Message of the Day.
[[0;32m  OK  [0m] Started Daily apt download activities.
[[0;32m  OK  [0m] Started Daily apt upgrade and clean activities.
[   21.509264] cloud-init[633]: |.oo.             |
[   21.538162] [[0;32m  OK  [0m] Started ACPI Events Check.
cloud-init[633]:          Starting LXD - unix socket.
[[0;32m  OK  [0m] Started Daily Cleanup of Temporary Directories.
+----[SHA256]-----+
[   21.545024] cloud-init[633]: Generating public/private ecdsa key pair.
[   21.546544] cloud-init[633]: Your identification has been saved in /etc/ssh/ssh_host_ecdsa_key.
[   21.547891] cloud-init[633]: Your public key has been saved in /etc/ssh/ssh_host_ecdsa_key.pub.
[[0;32m  OK  [0m] Reached target Timers.
[[0;32m  OK  [0m] Listening on Open-iSCSI iscsid Socket.
[[0;32m  OK  [0m] Reached target Paths.
         Starting Socket activation for snappy daemon.
[[0;32m  OK  [0m] Started Availability of block devices.
[[0;32m  OK  [0m] Listening on LXD - unix socket.
[   21.565767] cloud-init[633]: The key fingerprint is:
[[0;32m  OK  [0m] Listening on Socket activation for snappy daemon.
[[0;32m  OK  [0m] Reached target Sockets.
[[0;32m  OK  [0m] Reached target Basic System.
         Starting Login Service...
         Starting Virtualbox guest utils...
[   21.570797] cloud-init[633]: SHA256:6R+zlBSZBMuEQPSjyioWqqz107vVQiGfwUKE+BDFeAo root@ubuntu-bionic
[   21.598432] cloud-init[633]: The key's randomart image is:
[   21.599220] cloud-init[633]: +---[ECDSA 256]---+
[   21.600736] cloud-init[633]: |  .O=+o.o..      |
[[   21.616857] [0;32m  OK  [0m] Started irqbalance daemon.
cloud-init[633]: |E + +o.+ o o     |
         Starting System Logging Service...
[[0;32m  OK  [0m] Started Deferred execution scheduler.
[   21.639436] [[0;32m  OK  [0m] Started D-Bus System Message Bus.
cloud-init[633]: | . =  = * +      |
[   21.659461] cloud-init[633]: |  . .. = = .     |
[   21.666396] cloud-init[633]: |    .   S .      |
[   21.688794] cloud-init[633]: | o .   o o .     |
[   21.700612] cloud-init[633]: |. =  .  + *      |
[   21.712510] cloud-init[633]: |++ .. .. + +     |
[   21.713229] cloud-init[633]: |O.  ..oo  o      |
[   21.714119] cloud-init[633]: +----[SHA256]-----+
[   21.714882] cloud-init[633]: Generating public/private ed25519 key pair.
[   21.716189] cloud-init[633]: Your identification has been saved in /etc/ssh/ssh_host_ed25519_key.
[   21.718410] cloud-init[633]: Your public key has been saved in /etc/ssh/ssh_host_ed25519_key.pub.
[   21.721079] cloud-init[633]: The key fingerprint is:
[   21.722602] cloud-init[633]: SHA256:/QWXQPEV1YVvw30VNZHgeCP1AabjR9tBC/zNEUl8OKs root@ubuntu-bionic
[   21.725249] cloud-init[633]: The key's randomart image is:
[   21.726999] cloud-init[633]: +--[ED25519 256]--+
[   21.729897] cloud-init[633]: |           .=B=%^|
[   21.741683] cloud-init[633]: |            *+BBB|
[   21.745280] cloud-init[633]: |           =.=*O*|
[   21.754512] cloud-init[633]: |         .. =o=+O|
         Starting Dispatcher daemon for systemd-networkd...
[[0;32m  OK  [0m] Started FUSE filesystem for LXC.
[   21.783020] cloud-init[633]: |        S .. +.oo|
[   21.785325] cloud-init[633]: |           .E.   |
         Starting Snappy daemon...
[   21.824185] cloud-init[633]: |            .    |
         Starting Accounts Service...
[   21.830950] cloud-init[633]: |                 |
         Starting LSB: automatic crash report generation...
         Starting LXD - container startup/shutdown...
         Starting Permit User Sessions...
[   21.845725] cloud-init[633]: |                 |
         Starting LSB: Record successful boot for GRUB...
[   21.876444] cloud-init[633]: +----[SHA256]-----+
[[0;32m  OK  [0m] Started Regular background program processing daemon.
         Starting Pollinate to seed the pseudo random number generator...
[[0;32m  OK  [0m] Started System Logging Service.
[[0;32m  OK  [0m] Started Permit User Sessions.
         Starting Hold until boot process finishes up...
         Starting Terminate Plymouth Boot Screen...
[[0;32m  OK  [0m] Started Hold until boot process finishes up.
         Starting Set console scheme...
[[0;32m  OK  [0m] Started Serial Getty on ttyS0.
[[0;32m  OK  [0m] Started Terminate Plymouth Boot Screen.
[[0;32m  OK  [0m] Started Set console scheme.
         Starting Authorization Manager...
[[0;32m  OK  [0m] Created slice system-getty.slice.
[[0;32m  OK  [0m] Started Getty on tty1.
[[0;32m  OK  [0m] Reached target Login Prompts.
[[0;32m  OK  [0m] Started Login Service.
[[0;32m  OK  [0m] Started Unattended Upgrades Shutdown.
[[0;32m  OK  [0m] Started LXD - container startup/shutdown.
[[0;32m  OK  [0m] Started LSB: Record successful boot for GRUB.
[[0;32m  OK  [0m] Started Authorization Manager.
[[0;32m  OK  [0m] Started Accounts Service.
[[0;32m  OK  [0m] Started LSB: automatic crash report generation.
[[0;32m  OK  [0m] Started Virtualbox guest utils.
[[0;32m  OK  [0m] Started Snappy daemon.
         Starting Wait until snapd is fully seeded...
[[0;32m  OK  [0m] Started Dispatcher daemon for systemd-networkd.
[[0;32m  OK  [0m] Started Pollinate to seed the pseudo random number generator.
         Starting OpenBSD Secure Shell server...
[[0;32m  OK  [0m] Started OpenBSD Secure Shell server.
[[0;32m  OK  [0m] Started Wait until snapd is fully seeded.
         Starting Apply the settings specified in cloud-config...
[[0;32m  OK  [0m] Reached target Multi-User System.
[[0;32m  OK  [0m] Reached target Graphical Interface.
         Starting Update UTMP about System Runlevel Changes...
[[0;32m  OK  [0m] Started Update UTMP about System Runlevel Changes.
[[0;32m  OK  [0m] Created slice User Slice of vagrant.
         Starting User Manager for UID 1000...
[[0;32m  OK  [0m] Started Session 1 of user vagrant.
[[0;32m  OK  [0m] Started User Manager for UID 1000.

Ubuntu 18.04.3 LTS ubuntu-bionic ttyS0

ubuntu-bionic login: [   28.957971] cloud-init[937]: Cloud-init v. 19.2-36-g059d049c-0ubuntu1~18.04.1 running 'modules:config' at Sat, 30 Nov 2019 15:32:11 +0000. Up 26.82 seconds.
ci-info: no authorized ssh keys fingerprints found for user ubuntu.
<14>Nov 30 15:32:17 ec2: 
<14>Nov 30 15:32:17 ec2: #############################################################
<14>Nov 30 15:32:17 ec2: -----BEGIN SSH HOST KEY FINGERPRINTS-----
<14>Nov 30 15:32:17 ec2: 1024 SHA256:WRrD80e4AOjLSs1fcjECfEor+vIbE09Cu6aVKBBNLjE root@ubuntu-bionic (DSA)
<14>Nov 30 15:32:17 ec2: 256 SHA256:6R+zlBSZBMuEQPSjyioWqqz107vVQiGfwUKE+BDFeAo root@ubuntu-bionic (ECDSA)
<14>Nov 30 15:32:17 ec2: 256 SHA256:/QWXQPEV1YVvw30VNZHgeCP1AabjR9tBC/zNEUl8OKs root@ubuntu-bionic (ED25519)
<14>Nov 30 15:32:17 ec2: 2048 SHA256:e36uQS+LfizCqIvs7bBE7bemEqmLuuEk6ZBRUtaPWxo root@ubuntu-bionic (RSA)
<14>Nov 30 15:32:17 ec2: -----END SSH HOST KEY FINGERPRINTS-----
<14>Nov 30 15:32:17 ec2: #############################################################
-----BEGIN SSH HOST KEY KEYS-----
ecdsa-sha2-nistp256 AAAAE2VjZHNhLXNoYTItbmlzdHAyNTYAAAAIbmlzdHAyNTYAAABBBOsbxiugMEprPe4YniC3ybon/HKw0uXjHO1IbEnNgqZtUhe/LWZDbJBxcOCyJlDrE2U2OU+CRdS9771h4B9QbCg= root@ubuntu-bionic
ssh-ed25519 AAAAC3NzaC1lZDI1NTE5AAAAILWVQk4tPxODUcCDgBrxRxxLBF1JETA3MnWurkuWSC9i root@ubuntu-bionic
ssh-rsa AAAAB3NzaC1yc2EAAAADAQABAAABAQDb/DELyWLJT79UvYdTz2U2N4WyvA6DkC5t2pXcpKXk42Z3H1PE76+062XiKpPLlnmguakyIT9RYHNNkOA0p5yauRuI8mZ6T4x3g262qpEyF4aHIsrE3H3FW063yHt/aJX3lIj5sCjaQHuCfF+nclcrHTARcBZnzvN/wP5K0nEsSbZPiJtOvpk5WXWyCnDWcVN57rJbWpXyv+Hu+i2m5Qa9LVRqvLBqF8zJ8oRa2j3+nYOt6aqkfvrk2z7pSX+laAd350mR33wDHcmLiYpeLYfEZwUqHpY+n09l5y4bTBJUP3o4NcJ+9QYxohXujDAJmTMrva8W8Anfk0jyWsPLVtEv root@ubuntu-bionic
-----END SSH HOST KEY KEYS-----
[   32.420867] cloud-init[1075]: Cloud-init v. 19.2-36-g059d049c-0ubuntu1~18.04.1 running 'modules:final' at Sat, 30 Nov 2019 15:32:16 +0000. Up 31.63 seconds.
[   32.423924] cloud-init[1075]: ci-info: no authorized ssh keys fingerprints found for user ubuntu.
[   32.440311] cloud-init[1075]: Cloud-init v. 19.2-36-g059d049c-0ubuntu1~18.04.1 finished at Sat, 30 Nov 2019 15:32:17 +0000. Datasource DataSourceNoCloud [seed=/dev/sdb][dsmode=net].  Up 32.37 seconds
